<?xml version="1.0" encoding="UTF-8"?>
<testng-results ignored="0" total="1" passed="1" failed="0" skipped="0">
  <reporter-output>
  </reporter-output>
  <suite started-at="2024-02-07T18:18:35 IST" name="Default suite" finished-at="2024-02-07T18:18:42 IST" duration-ms="7358">
    <groups>
    </groups>
    <test started-at="2024-02-07T18:18:35 IST" name="Default test" finished-at="2024-02-07T18:18:42 IST" duration-ms="7358">
      <class name="testScripts.HomePageTest">
        <test-method is-config="true" signature="beforeSuite()[pri:0, instance:testScripts.HomePageTest@449a4f23]" started-at="2024-02-07T18:18:35 IST" name="beforeSuite" finished-at="2024-02-07T18:18:35 IST" duration-ms="141" status="PASS">
          <reporter-output>
          </reporter-output>
        </test-method> <!-- beforeSuite -->
        <test-method is-config="true" signature="beforeTest()[pri:0, instance:testScripts.HomePageTest@449a4f23]" started-at="2024-02-07T18:18:35 IST" name="beforeTest" finished-at="2024-02-07T18:18:35 IST" duration-ms="1" status="PASS">
          <reporter-output>
          </reporter-output>
        </test-method> <!-- beforeTest -->
        <test-method is-config="true" signature="beforeClass()[pri:0, instance:testScripts.HomePageTest@449a4f23]" started-at="2024-02-07T18:18:35 IST" name="beforeClass" finished-at="2024-02-07T18:18:40 IST" duration-ms="4623" status="PASS">
          <reporter-output>
          </reporter-output>
        </test-method> <!-- beforeClass -->
        <test-method is-config="true" signature="beforeMethod(java.lang.reflect.Method)[pri:0, instance:testScripts.HomePageTest@449a4f23]" started-at="2024-02-07T18:18:40 IST" name="beforeMethod" finished-at="2024-02-07T18:18:41 IST" duration-ms="1450" status="PASS">
          <params>
            <param index="0">
              <value>
                <![CDATA[public void testScripts.HomePageTest.homePage_003()]]>
              </value>
            </param>
          </params>
          <reporter-output>
          </reporter-output>
        </test-method> <!-- beforeMethod -->
        <test-method signature="homePage_003()[pri:0, instance:testScripts.HomePageTest@449a4f23]" started-at="2024-02-07T18:18:41 IST" name="homePage_003" finished-at="2024-02-07T18:18:41 IST" duration-ms="98" status="PASS">
          <reporter-output>
          </reporter-output>
        </test-method> <!-- homePage_003 -->
        <test-method is-config="true" signature="AfterMethod()[pri:0, instance:testScripts.HomePageTest@449a4f23]" started-at="2024-02-07T18:18:41 IST" name="AfterMethod" finished-at="2024-02-07T18:18:42 IST" duration-ms="857" status="PASS">
          <reporter-output>
          </reporter-output>
        </test-method> <!-- AfterMethod -->
        <test-method is-config="true" signature="afterClass()[pri:0, instance:testScripts.HomePageTest@449a4f23]" started-at="2024-02-07T18:18:42 IST" name="afterClass" finished-at="2024-02-07T18:18:42 IST" duration-ms="287" status="PASS">
          <reporter-output>
          </reporter-output>
        </test-method> <!-- afterClass -->
        <test-method is-config="true" signature="afterTest()[pri:0, instance:testScripts.HomePageTest@449a4f23]" started-at="2024-02-07T18:18:42 IST" name="afterTest" finished-at="2024-02-07T18:18:42 IST" duration-ms="1" status="PASS">
          <reporter-output>
          </reporter-output>
        </test-method> <!-- afterTest -->
        <test-method is-config="true" signature="afterSuite()[pri:0, instance:testScripts.HomePageTest@449a4f23]" started-at="2024-02-07T18:18:43 IST" name="afterSuite" finished-at="2024-02-07T18:18:43 IST" duration-ms="260" status="PASS">
          <reporter-output>
          </reporter-output>
        </test-method> <!-- afterSuite -->
      </class> <!-- testScripts.HomePageTest -->
    </test> <!-- Default test -->
  </suite> <!-- Default suite -->
</testng-results>
