<?xml version="1.0" encoding="UTF-8"?>
<!-- Generated by org.testng.reporters.JUnitXMLReporter -->
<testsuite ignored="2" hostname="DESKTOP-A5CHD3A" failures="0" tests="1" name="Default test" time="7.358" errors="0" timestamp="2024-02-07T18:18:42 IST">
  <testcase classname="testScripts.HomePageTest" name="homePage_003" time="0.098"/>
  <testcase classname="testScripts.HomePageTest" name="homepage_001" time="0.0">
    <ignored/>
  </testcase> <!-- homepage_001 -->
  <testcase classname="testScripts.HomePageTest" name="homePage_002" time="0.0">
    <ignored/>
  </testcase> <!-- homePage_002 -->
</testsuite> <!-- Default test -->
